<?xml version="1.0" encoding="UTF-8"?>
<robot generator="Robot 4.1.2 (Python 3.9.9 on darwin)" generated="20211230 10:07:53.728" rpa="false" schemaversion="2">
<suite id="s1" name="Yemeksepeti" source="/Users/ebru.gulek/PycharmProjects/pythonProject/Test/yemeksepeti.robot">
<test id="s1-t1" name="Yemeksepeti Success Login">
<kw name="Begin Web Test" type="SETUP">
<msg timestamp="20211230 10:07:54.042" level="FAIL">No keyword with name 'Begin Web Test' found.</msg>
<status status="FAIL" starttime="20211230 10:07:54.042" endtime="20211230 10:07:54.042"/>
</kw>
<kw name="End Web Test" type="TEARDOWN">
<msg timestamp="20211230 10:07:54.045" level="FAIL">No keyword with name 'End Web Test' found.</msg>
<status status="FAIL" starttime="20211230 10:07:54.045" endtime="20211230 10:07:54.045">No keyword with name 'End Web Test' found.</status>
</kw>
<status status="FAIL" starttime="20211230 10:07:54.039" endtime="20211230 10:07:54.045">Setup failed:
No keyword with name 'Begin Web Test' found.

Also teardown failed:
No keyword with name 'End Web Test' found.</status>
</test>
<doc>Yemeksepeti</doc>
<status status="FAIL" starttime="20211230 10:07:53.728" endtime="20211230 10:07:54.046"/>
</suite>
<statistics>
<total>
<stat pass="0" fail="1" skip="0">All Tests</stat>
</total>
<tag>
</tag>
<suite>
<stat pass="0" fail="1" skip="0" id="s1" name="Yemeksepeti">Yemeksepeti</stat>
</suite>
</statistics>
<errors>
<msg timestamp="20211230 10:07:54.036" level="ERROR">Error in file '/Users/ebru.gulek/PycharmProjects/pythonProject/Test/yemeksepeti.robot' on line 5: Resource file '../Resources/Pages/LoginPage.robot' does not exist.</msg>
<msg timestamp="20211230 10:07:54.037" level="ERROR">Error in file '/Users/ebru.gulek/PycharmProjects/pythonProject/Test/yemeksepeti.robot' on line 6: Resource file '../Resources/Common.robot' does not exist.</msg>
<msg timestamp="20211230 10:07:54.037" level="ERROR">Error in file '/Users/ebru.gulek/PycharmProjects/pythonProject/Test/yemeksepeti.robot' on line 7: Resource file '../Resources/Pages/CityPage.robot' does not exist.</msg>
<msg timestamp="20211230 10:07:54.037" level="ERROR">Error in file '/Users/ebru.gulek/PycharmProjects/pythonProject/Test/yemeksepeti.robot' on line 8: Resource file '../Resources/Pages/HomePage.robot' does not exist.</msg>
<msg timestamp="20211230 10:07:54.038" level="ERROR">Error in file '/Users/ebru.gulek/PycharmProjects/pythonProject/Test/yemeksepeti.robot' on line 9: Resource file '../Resources/Pages/RestaurantListPage.robot' does not exist.</msg>
<msg timestamp="20211230 10:07:54.038" level="ERROR">Error in file '/Users/ebru.gulek/PycharmProjects/pythonProject/Test/yemeksepeti.robot' on line 10: Resource file '../Resources/Pages/RestaurantPage.robot' does not exist.</msg>
<msg timestamp="20211230 10:07:54.038" level="ERROR">Error in file '/Users/ebru.gulek/PycharmProjects/pythonProject/Test/yemeksepeti.robot' on line 11: Resource file '../Resources/Pages/FavoritePage.robot' does not exist.</msg>
</errors>
</robot>
